<?xml version="1.0" encoding="utf-8"?>
<coverage line-rate="0.8356" branch-rate="0.8373999999999999" version="1.9" timestamp="1773958360" lines-covered="3330" lines-valid="3985" branches-covered="1195" branches-valid="1427">
  <sources>
    <source>/Users/widom/Projects/mine/FolderDiffIL4DotNet/</source>
  </sources>
  <packages>
    <package name="FolderDiffIL4DotNet.Core" line-rate="0.821" branch-rate="0.8362999999999999" complexity="352">
      <classes>
        <class name="FolderDiffIL4DotNet.Core.Text.TextDiffer" filename="FolderDiffIL4DotNet.Core/Text/TextDiffer.cs" line-rate="1" branch-rate="0.9591" complexity="99">
          <methods>
            <method name="Compute" signature="(System.String[],System.String[],System.Int32,System.Int32,System.Int32)" line-rate="1" branch-rate="0.75" complexity="12">
              <lines>
                <line number="52" hits="33" branch="True" condition-coverage="100% (2/2)">
                  <conditions>
                    <condition number="1" type="jump" coverage="100%" />
                  </conditions>
                </line>
                <line number="53" hits="32" branch="True" condition-coverage="100% (2/2)">
                  <conditions>
                    <condition number="15" type="jump" coverage="100%" />
                  </conditions>
                </line>
                <line number="54" hits="30" branch="True" condition-coverage="50% (1/2)">
                  <conditions>
                    <condition number="30" type="jump" coverage="50%" />
                  </conditions>
                </line>
                <line number="55" hits="30" branch="True" condition-coverage="50% (1/2)">
                  <conditions>
                    <condition number="37" type="jump" coverage="50%" />
                  </conditions>
                </line>
                <line number="56" hits="30" branch="True" condition-coverage="50% (1/2)">
                  <conditions>
                    <condition number="45" type="jump" coverage="50%" />
                  </conditions>
                </line>
                <line number="58" hits="60" branch="False" />
                <line number="61" hits="30" branch="False" />
                <line number="62" hits="30" branch="True" condition-coverage="100% (2/2)">
                  <conditions>
                    <condition number="69" type="jump" coverage="100%" />
                  </conditions>
                </line>
                <line number="64" hits="2" branch="False" />
                <line number="65" hits="2" branch="False" />
                <line number="66" hits="2" branch="False" />
                <line number="67" hits="2" branch="False" />
                <line number="68" hits="2" branch="False" />
                <line number="69" hits="2" branch="False" />
                <line number="70" hits="2" branch="False" />
                <line number="73" hits="28" branch="False" />
              </lines>
            </method>
            <method name="MyersDiff" signature="(System.String[],System.String[],System.Int32)" line-rate="1" branch-rate="1" complexity="26">
              <lines>
                <line number="86" hits="60" branch="False" />
                <line number="87" hits="30" branch="False" />
                <line number="88" hits="30" branch="False" />
                <line number="91" hits="30" branch="False" />
                <line number="92" hits="30" branch="False" />
                <line number="96" hits="30" branch="False" />
                <line number="98" hits="30" branch="False" />
                <line number="99" hits="30" branch="False" />
                <line number="101" hits="10314" branch="True" condition-coverage="100% (4/4)">
                  <conditions>
                    <condition number="313" type="jump" coverage="100%" />
                    <condition number="309" type="jump" coverage="100%" />
                  </conditions>
                </line>
                <line number="104" hits="5127" branch="False" />
                <line number="105" hits="5127" branch="False" />
                <line number="106" hits="5127" branch="False" />
                <line number="107" hits="5127" branch="False" />
                <line number="108" hits="5127" branch="False" />
                <line number="110" hits="17027258" branch="True" condition-coverage="100% (4/4)">
                  <conditions>
                    <condition number="295" type="jump" coverage="100%" />
                    <condition number="291" type="jump" coverage="100%" />
                  </conditions>
                </line>
                <line number="112" hits="8508502" branch="False" />
                <line number="114" hits="8508502" branch="True" condition-coverage="100% (4/4)">
                  <conditions>
                    <condition number="158" type="jump" coverage="100%" />
                    <condition number="164" type="jump" coverage="100%" />
                  </conditions>
                </line>
                <line number="115" hits="8508502" branch="True" condition-coverage="100% (2/2)">
                  <conditions>
                    <condition number="188" type="jump" coverage="100%" />
                  </conditions>
                </line>
                <line number="116" hits="8508502" branch="False" />
                <line number="119" hits="8520534" branch="True" condition-coverage="100% (6/6)">
                  <conditions>
                    <condition number="255" type="jump" coverage="100%" />
                    <condition number="234" type="jump" coverage="100%" />
                    <condition number="239" type="jump" coverage="100%" />
                  </conditions>
                </line>
                <line number="121" hits="24064" branch="False" />
                <line number="124" hits="8508502" branch="False" />
                <line number="126" hits="8508502" branch="True" condition-coverage="100% (4/4)">
                  <conditions>
                    <condition number="267" type="jump" coverage="100%" />
                    <condition number="272" type="jump" coverage="100%" />
                  </conditions>
                </line>
                <line number="128" hits="28" branch="False" />
                <line number="129" hits="28" branch="False" />
                <line number="134" hits="32" branch="True" condition-coverage="100% (2/2)">
                  <conditions>
                    <condition number="321" type="jump" coverage="100%" />
                  </conditions>
                </line>
                <line number="136" hits="28" branch="False" />
              </lines>
            </method>
            <method name="BacktrackMyers" signature="(System.String[],System.String[],System.ValueTuple`2&lt;System.Int32,System.Int32[]&gt;[],System.Int32,System.Int32,System.Int32,System.Int32)" line-rate="1" branch-rate="1" complexity="14">
              <lines>
                <line number="148" hits="28" branch="False" />
                <line number="149" hits="56" branch="False" />
                <line number="151" hits="2240" branch="True" condition-coverage="100% (2/2)">
                  <conditions>
                    <condition number="278" type="jump" coverage="100%" />
                  </conditions>
                </line>
                <line number="153" hits="1092" branch="False" />
                <line number="154" hits="1092" branch="False" />
                <line number="158" hits="1092" branch="True" condition-coverage="100% (4/4)">
                  <conditions>
                    <condition number="83" type="jump" coverage="100%" />
                    <condition number="89" type="jump" coverage="100%" />
                  </conditions>
                </line>
                <line number="161" hits="1092" branch="True" condition-coverage="100% (2/2)">
                  <conditions>
                    <condition number="129" type="jump" coverage="100%" />
                  </conditions>
                </line>
                <line number="164" hits="46" branch="False" />
                <line number="169" hits="1046" branch="False" />
                <line number="171" hits="1092" branch="False" />
                <line number="174" hits="12222" branch="True" condition-coverage="100% (2/2)">
                  <conditions>
                    <condition number="209" type="jump" coverage="100%" />
                  </conditions>
                </line>
                <line number="175" hits="5019" branch="False" />
                <line number="178" hits="1092" branch="True" condition-coverage="100% (2/2)">
                  <conditions>
                    <condition number="213" type="jump" coverage="100%" />
                  </conditions>
                </line>
                <line number="180" hits="46" branch="False" />
                <line number="181" hits="46" branch="False" />
                <line number="182" hits="46" branch="False" />
                <line number="186" hits="1046" branch="False" />
                <line number="187" hits="1046" branch="False" />
                <line number="188" hits="1046" branch="False" />
                <line number="196" hits="14082" branch="True" condition-coverage="100% (2/2)">
                  <conditions>
                    <condition number="316" type="jump" coverage="100%" />
                  </conditions>
                </line>
                <line number="197" hits="7013" branch="False" />
                <line number="199" hits="28" branch="False" />
                <line number="200" hits="28" branch="False" />
              </lines>
            </method>
            <method name="BuildHunks" signature="(System.String[],System.String[],System.Collections.Generic.List`1&lt;System.ValueTuple`3&lt;System.Char,System.Int32,System.Int32&gt;&gt;,System.Int32,System.Int32)" line-rate="1" branch-rate="0.9782" complexity="46">
              <lines>
                <line number="213" hits="28" branch="False" />
                <line number="214" hits="26304" branch="True" condition-coverage="100% (2/2)">
                  <conditions>
                    <condition number="60" type="jump" coverage="100%" />
                  </conditions>
                </line>
                <line number="216" hits="13124" branch="True" condition-coverage="100% (2/2)">
                  <conditions>
                    <condition number="36" type="jump" coverage="100%" />
                  </conditions>
                </line>
                <line number="217" hits="1092" branch="False" />
                <line number="220" hits="30" branch="True" condition-coverage="100% (2/2)">
                  <conditions>
                    <condition number="68" type="jump" coverage="100%" />
                  </conditions>
                </line>
                <line number="223" hits="26" branch="False" />
                <line number="224" hits="26" branch="False" />
                <line number="225" hits="26" branch="False" />
                <line number="227" hits="2184" branch="True" condition-coverage="100% (2/2)">
                  <conditions>
                    <condition number="231" type="jump" coverage="100%" />
                  </conditions>
                </line>
                <line number="229" hits="1066" branch="False" />
                <line number="230" hits="1066" branch="True" condition-coverage="100% (2/2)">
                  <conditions>
                    <condition number="149" type="jump" coverage="100%" />
                  </conditions>
                </line>
                <line number="232" hits="1065" branch="False" />
                <line number="236" hits="1" branch="False" />
                <line number="237" hits="1" branch="False" />
                <line number="238" hits="1" branch="False" />
                <line number="241" hits="26" branch="False" />
                <line number="243" hits="26" branch="False" />
                <line number="244" hits="26" branch="False" />
                <line number="246" hits="105" branch="True" condition-coverage="100% (2/2)">
                  <conditions>
                    <condition number="730" type="jump" coverage="100%" />
                  </conditions>
                </line>
                <line number="248" hits="27" branch="True" condition-coverage="50% (1/2)">
                  <conditions>
                    <condition number="314" type="jump" coverage="50%" />
                  </conditions>
                </line>
                <line number="251" hits="108" branch="False" />
                <line number="252" hits="2262" branch="True" condition-coverage="100% (2/2)">
                  <conditions>
                    <condition number="439" type="jump" coverage="100%" />
                  </conditions>
                </line>
                <line number="254" hits="1104" branch="False" />
                <line number="255" hits="1104" branch="True" condition-coverage="100% (2/2)">
                  <conditions>
                    <condition number="377" type="jump" coverage="100%" />
                  </conditions>
                </line>
                <line number="257" hits="1084" branch="True" condition-coverage="100% (4/4)">
                  <conditions>
                    <condition number="382" type="jump" coverage="100%" />
                    <condition number="387" type="jump" coverage="100%" />
                  </conditions>
                </line>
                <line number="258" hits="1058" branch="False" />
                <line number="260" hits="1104" branch="True" condition-coverage="100% (2/2)">
                  <conditions>
                    <condition number="405" type="jump" coverage="100%" />
                  </conditions>
                </line>
                <line number="262" hits="83" branch="True" condition-coverage="100% (4/4)">
                  <conditions>
                    <condition number="410" type="jump" coverage="100%" />
                    <condition number="415" type="jump" coverage="100%" />
                  </conditions>
                </line>
                <line number="263" hits="58" branch="False" />
                <line number="266" hits="28" branch="True" condition-coverage="100% (2/2)">
                  <conditions>
                    <condition number="444" type="jump" coverage="100%" />
                  </conditions>
                </line>
                <line number="267" hits="29" branch="True" condition-coverage="100% (2/2)">
                  <conditions>
                    <condition number="452" type="jump" coverage="100%" />
                  </conditions>
                </line>
                <line number="269" hits="27" branch="False" />
                <line number="270" hits="27" branch="False" />
                <line number="271" hits="27" branch="False" />
                <line number="272" hits="27" branch="False" />
                <line number="273" hits="27" branch="False" />
                <line number="275" hits="2190" branch="True" condition-coverage="100% (2/2)">
                  <conditions>
                    <condition number="715" type="jump" coverage="100%" />
                  </conditions>
                </line>
                <line number="277" hits="1071" branch="True" condition-coverage="100% (2/2)">
                  <conditions>
                    <condition number="601" type="jump" coverage="100%" />
                  </conditions>
                </line>
                <line number="279" hits="1068" branch="False" />
                <line number="280" hits="1068" branch="True" condition-coverage="100% (2/2)">
                  <conditions>
                    <condition number="643" type="jump" coverage="100%" />
                  </conditions>
                </line>
                <line number="281" hits="1068" branch="True" condition-coverage="100% (2/2)">
                  <conditions>
                    <condition number="660" type="jump" coverage="100%" />
                  </conditions>
                </line>
                <line number="282" hits="1068" branch="True" condition-coverage="100% (2/2)">
                  <conditions>
                    <condition number="674" type="jump" coverage="100%" />
                  </conditions>
                </line>
                <line number="283" hits="1068" branch="False" />
                <line number="285" hits="28" branch="True" condition-coverage="100% (2/2)">
                  <conditions>
                    <condition number="719" type="jump" coverage="100%" />
                  </conditions>
                </line>
                <line number="288" hits="26" branch="True" condition-coverage="100% (2/2)">
                  <conditions>
                    <condition number="753" type="jump" coverage="100%" />
                  </conditions>
                </line>
                <line number="290" hits="1" branch="False" />
                <line number="291" hits="1" branch="False" />
                <line number="292" hits="1" branch="False" />
                <line number="295" hits="26" branch="False" />
              </lines>
            </method>
            <method name="&lt;BacktrackMyers&gt;g__GetV|8_0" signature="(System.Int32,FolderDiffIL4DotNet.Core.Text.TextDiffer/&lt;&gt;c__DisplayClass8_0&amp;,FolderDiffIL4DotNet.Core.Text.TextDiffer/&lt;&gt;c__DisplayClass8_1&amp;)" line-rate="1" branch-rate="1" complexity="1">
              <lines>
                <line number="155" hits="1182" branch="False" />
              </lines>
            </method>
          </methods>
          <lines>
            <line number="52" hits="33" branch="True" condition-coverage="100% (2/2)">
              <conditions>
                <condition number="1" type="jump" coverage="100%" />
              </conditions>
            </line>
            <line number="53" hits="32" branch="True" condition-coverage="100% (2/2)">
              <conditions>
                <condition number="15" type="jump" coverage="100%" />
              </conditions>
            </line>
            <line number="54" hits="30" branch="True" condition-coverage="50% (1/2)">
              <conditions>
                <condition number="30" type="jump" coverage="50%" />
              </conditions>
            </line>
            <line number="55" hits="30" branch="True" condition-coverage="50% (1/2)">
              <conditions>
                <condition number="37" type="jump" coverage="50%" />
              </conditions>
            </line>
            <line number="56" hits="30" branch="True" condition-coverage="50% (1/2)">
              <conditions>
                <condition number="45" type="jump" coverage="50%" />
              </conditions>
            </line>
            <line number="58" hits="60" branch="False" />
            <line number="61" hits="30" branch="False" />
            <line number="62" hits="30" branch="True" condition-coverage="100% (2/2)">
              <conditions>
                <condition number="69" type="jump" coverage="100%" />
              </conditions>
            </line>
            <line number="64" hits="2" branch="False" />
            <line number="65" hits="2" branch="False" />
            <line number="66" hits="2" branch="False" />
            <line number="67" hits="2" branch="False" />
            <line number="68" hits="2" branch="False" />
            <line number="69" hits="2" branch="False" />
            <line number="70" hits="2" branch="False" />
            <line number="73" hits="28" branch="False" />
            <line number="86" hits="60" branch="False" />
            <line number="87" hits="30" branch="False" />
            <line number="88" hits="30" branch="False" />
            <line number="91" hits="30" branch="False" />
            <line number="92" hits="30" branch="False" />
            <line number="96" hits="30" branch="False" />
            <line number="98" hits="30" branch="False" />
            <line number="99" hits="30" branch="False" />
            <line number="101" hits="10314" branch="True" condition-coverage="100% (4/4)">
              <conditions>
                <condition number="313" type="jump" coverage="100%" />
                <condition number="309" type="jump" coverage="100%" />
              </conditions>
            </line>
            <line number="104" hits="5127" branch="False" />
            <line number="105" hits="5127" branch="False" />
            <line number="106" hits="5127" branch="False" />
            <line number="107" hits="5127" branch="False" />
            <line number="108" hits="5127" branch="False" />
            <line number="110" hits="17027258" branch="True" condition-coverage="100% (4/4)">
              <conditions>
                <condition number="295" type="jump" coverage="100%" />
                <condition number="291" type="jump" coverage="100%" />
              </conditions>
            </line>
            <line number="112" hits="8508502" branch="False" />
            <line number="114" hits="8508502" branch="True" condition-coverage="100% (4/4)">
              <conditions>
                <condition number="158" type="jump" coverage="100%" />
                <condition number="164" type="jump" coverage="100%" />
              </conditions>
            </line>
            <line number="115" hits="8508502" branch="True" condition-coverage="100% (2/2)">
              <conditions>
                <condition number="188" type="jump" coverage="100%" />
              </conditions>
            </line>
            <line number="116" hits="8508502" branch="False" />
            <line number="119" hits="8520534" branch="True" condition-coverage="100% (6/6)">
              <conditions>
                <condition number="255" type="jump" coverage="100%" />
                <condition number="234" type="jump" coverage="100%" />
                <condition number="239" type="jump" coverage="100%" />
              </conditions>
            </line>
            <line number="121" hits="24064" branch="False" />
            <line number="124" hits="8508502" branch="False" />
            <line number="126" hits="8508502" branch="True" condition-coverage="100% (4/4)">
              <conditions>
                <condition number="267" type="jump" coverage="100%" />
                <condition number="272" type="jump" coverage="100%" />
              </conditions>
            </line>
            <line number="128" hits="28" branch="False" />
            <line number="129" hits="28" branch="False" />
            <line number="134" hits="32" branch="True" condition-coverage="100% (2/2)">
              <conditions>
                <condition number="321" type="jump" coverage="100%" />
              </conditions>
            </line>
            <line number="136" hits="28" branch="False" />
            <line number="148" hits="28" branch="False" />
            <line number="149" hits="56" branch="False" />
            <line number="151" hits="2240" branch="True" condition-coverage="100% (2/2)">
              <conditions>
                <condition number="278" type="jump" coverage="100%" />
              </conditions>
            </line>
            <line number="153" hits="1092" branch="False" />
            <line number="154" hits="1092" branch="False" />
            <line number="158" hits="1092" branch="True" condition-coverage="100% (4/4)">
              <conditions>
                <condition number="83" type="jump" coverage="100%" />
                <condition number="89" type="jump" coverage="100%" />
              </conditions>
            </line>
            <line number="161" hits="1092" branch="True" condition-coverage="100% (2/2)">
              <conditions>
                <condition number="129" type="jump" coverage="100%" />
              </conditions>
            </line>
            <line number="164" hits="46" branch="False" />
            <line number="169" hits="1046" branch="False" />
            <line number="171" hits="1092" branch="False" />
            <line number="174" hits="12222" branch="True" condition-coverage="100% (2/2)">
              <conditions>
                <condition number="209" type="jump" coverage="100%" />
              </conditions>
            </line>
            <line number="175" hits="5019" branch="False" />
            <line number="178" hits="1092" branch="True" condition-coverage="100% (2/2)">
              <conditions>
                <condition number="213" type="jump" coverage="100%" />
              </conditions>
            </line>
            <line number="180" hits="46" branch="False" />
            <line number="181" hits="46" branch="False" />
            <line number="182" hits="46" branch="False" />
            <line number="186" hits="1046" branch="False" />
            <line number="187" hits="1046" branch="False" />
            <line number="188" hits="1046" branch="False" />
            <line number="196" hits="14082" branch="True" condition-coverage="100% (2/2)">
              <conditions>
                <condition number="316" type="jump" coverage="100%" />
              </conditions>
            </line>
            <line number="197" hits="7013" branch="False" />
            <line number="199" hits="28" branch="False" />
            <line number="200" hits="28" branch="False" />
            <line number="213" hits="28" branch="False" />
            <line number="214" hits="26304" branch="True" condition-coverage="100% (2/2)">
              <conditions>
                <condition number="60" type="jump" coverage="100%" />
              </conditions>
            </line>
            <line number="216" hits="13124" branch="True" condition-coverage="100% (2/2)">
              <conditions>
                <condition number="36" type="jump" coverage="100%" />
              </conditions>
            </line>
            <line number="217" hits="1092" branch="False" />
            <line number="220" hits="30" branch="True" condition-coverage="100% (2/2)">
              <conditions>
                <condition number="68" type="jump" coverage="100%" />
              </conditions>
            </line>
            <line number="223" hits="26" branch="False" />
            <line number="224" hits="26" branch="False" />
            <line number="225" hits="26" branch="False" />
            <line number="227" hits="2184" branch="True" condition-coverage="100% (2/2)">
              <conditions>
                <condition number="231" type="jump" coverage="100%" />
              </conditions>
            </line>
            <line number="229" hits="1066" branch="False" />
            <line number="230" hits="1066" branch="True" condition-coverage="100% (2/2)">
              <conditions>
                <condition number="149" type="jump" coverage="100%" />
              </conditions>
            </line>
            <line number="232" hits="1065" branch="False" />
            <line number="236" hits="1" branch="False" />
            <line number="237" hits="1" branch="False" />
            <line number="238" hits="1" branch="False" />
            <line number="241" hits="26" branch="False" />
            <line number="243" hits="26" branch="False" />
            <line number="244" hits="26" branch="False" />
            <line number="246" hits="105" branch="True" condition-coverage="100% (2/2)">
              <conditions>
                <condition number="730" type="jump" coverage="100%" />
              </conditions>
            </line>
            <line number="248" hits="27" branch="True" condition-coverage="50% (1/2)">
              <conditions>
                <condition number="314" type="jump" coverage="50%" />
              </conditions>
            </line>
            <line number="251" hits="108" branch="False" />
            <line number="252" hits="2262" branch="True" condition-coverage="100% (2/2)">
              <conditions>
                <condition number="439" type="jump" coverage="100%" />
              </conditions>
            </line>
            <line number="254" hits="1104" branch="False" />
            <line number="255" hits="1104" branch="True" condition-coverage="100% (2/2)">
              <conditions>
                <condition number="377" type="jump" coverage="100%" />
              </conditions>
            </line>
            <line number="257" hits="1084" branch="True" condition-coverage="100% (4/4)">
              <conditions>
                <condition number="382" type="jump" coverage="100%" />
                <condition number="387" type="jump" coverage="100%" />
              </conditions>
            </line>
            <line number="258" hits="1058" branch="False" />
            <line number="260" hits="1104" branch="True" condition-coverage="100% (2/2)">
              <conditions>
                <condition number="405" type="jump" coverage="100%" />
              </conditions>
            </line>
            <line number="262" hits="83" branch="True" condition-coverage="100% (4/4)">
              <conditions>
                <condition number="410" type="jump" coverage="100%" />
                <condition number="415" type="jump" coverage="100%" />
              </conditions>
            </line>
            <line number="263" hits="58" branch="False" />
            <line number="266" hits="28" branch="True" condition-coverage="100% (2/2)">
              <conditions>
                <condition number="444" type="jump" coverage="100%" />
              </conditions>
            </line>
            <line number="267" hits="29" branch="True" condition-coverage="100% (2/2)">
              <conditions>
                <condition number="452" type="jump" coverage="100%" />
              </conditions>
            </line>
            <line number="269" hits="27" branch="False" />
            <line number="270" hits="27" branch="False" />
            <line number="271" hits="27" branch="False" />
            <line number="272" hits="27" branch="False" />
            <line number="273" hits="27" branch="False" />
            <line number="275" hits="2190" branch="True" condition-coverage="100% (2/2)">
              <conditions>
                <condition number="715" type="jump" coverage="100%" />
              </conditions>
            </line>
            <line number="277" hits="1071" branch="True" condition-coverage="100% (2/2)">
              <conditions>
                <condition number="601" type="jump" coverage="100%" />
              </conditions>
            </line>
            <line number="279" hits="1068" branch="False" />
            <line number="280" hits="1068" branch="True" condition-coverage="100% (2/2)">
              <conditions>
                <condition number="643" type="jump" coverage="100%" />
              </conditions>
            </line>
            <line number="281" hits="1068" branch="True" condition-coverage="100% (2/2)">
              <conditions>
                <condition number="660" type="jump" coverage="100%" />
              </conditions>
            </line>
            <line number="282" hits="1068" branch="True" condition-coverage="100% (2/2)">
              <conditions>
                <condition number="674" type="jump" coverage="100%" />
              </conditions>
            </line>
            <line number="283" hits="1068" branch="False" />
            <line number="285" hits="28" branch="True" condition-coverage="100% (2/2)">
              <conditions>
                <condition number="719" type="jump" coverage="100%" />
              </conditions>
            </line>
            <line number="288" hits="26" branch="True" condition-coverage="100% (2/2)">
              <conditions>
                <condition number="753" type="jump" coverage="100%" />
              </conditions>
            </line>
            <line number="290" hits="1" branch="False" />
            <line number="291" hits="1" branch="False" />
            <line number="292" hits="1" branch="False" />
            <line number="295" hits="26" branch="False" />
            <line number="155" hits="1182" branch="False" />
          </lines>
        </class>
        <class name="FolderDiffIL4DotNet.Core.Text.TextDiffer/DiffLine" filename="FolderDiffIL4DotNet.Core/Text/TextDiffer.cs" line-rate="1" branch-rate="1" complexity="1">
          <methods>
            <method name="get_Kind" signature="()" line-rate="1" branch-rate="1" complexity="1">
              <lines>
                <line number="29" hits="1261" branch="False" />
              </lines>
            </method>
          </methods>
          <lines>
            <line number="29" hits="1261" branch="False" />
          </lines>
        </class>
        <class name="FolderDiffIL4DotNet.Core.Text.TextSanitizer" filename="FolderDiffIL4DotNet.Core/Text/TextSanitizer.cs" line-rate="1" branch-rate="1" complexity="22">
          <methods>
            <method name="Sanitize" signature="(System.String)" line-rate="1" branch-rate="1" complexity="4">
              <lines>
                <line number="23" hits="10" branch="True" condition-coverage="100% (2/2)">
                  <conditions>
                    <condition number="6" type="jump" coverage="100%" />
                  </conditions>
                </line>
                <line number="25" hits="2" branch="False" />
                <line number="27" hits="8" branch="False" />
                <line number="28" hits="9" branch="True" condition-coverage="100% (2/2)">
                  <conditions>
                    <condition number="73" type="jump" coverage="100%" />
                  </conditions>
                </line>
                <line number="30" hits="1" branch="False" />
                <line number="32" hits="8" branch="False" />
              </lines>
            </method>
            <method name="ToSafeFileName" signature="(System.String,System.Int32)" line-rate="1" branch-rate="1" complexity="12">
              <lines>
                <line number="42" hits="41" branch="True" condition-coverage="100% (2/2)">
                  <conditions>
                    <condition number="6" type="jump" coverage="100%" />
                  </conditions>
                </line>
                <line number="44" hits="2" branch="True" condition-coverage="100% (2/2)">
                  <conditions>
                    <condition number="10" type="jump" coverage="100%" />
                  </conditions>
                </line>
                <line number="47" hits="39" branch="False" />
                <line number="48" hits="39" branch="False" />
                <line number="49" hits="14450" branch="True" condition-coverage="100% (2/2)">
                  <conditions>
                    <condition number="105" type="jump" coverage="100%" />
                  </conditions>
                </line>
                <line number="51" hits="7186" branch="True" condition-coverage="100% (4/4)">
                  <conditions>
                    <condition number="58" type="jump" coverage="100%" />
                    <condition number="69" type="jump" coverage="100%" />
                  </conditions>
                </line>
                <line number="53" hits="205" branch="False" />
                <line number="57" hits="6981" branch="False" />
                <line number="60" hits="39" branch="False" />
                <line number="62" hits="39" branch="True" condition-coverage="100% (2/2)">
                  <conditions>
                    <condition number="121" type="jump" coverage="100%" />
                  </conditions>
                </line>
                <line number="64" hits="9" branch="False" />
                <line number="65" hits="9" branch="False" />
                <line number="66" hits="9" branch="False" />
                <line number="67" hits="9" branch="False" />
                <line number="68" hits="9" branch="False" />
                <line number="70" hits="39" branch="False" />
              </lines>
            </method>
            <method name="ContainsNonAscii" signature="(System.String)" line-rate="1" branch-rate="1" complexity="6">
              <lines>
                <line number="79" hits="31" branch="True" condition-coverage="100% (2/2)">
                  <conditions>
                    <condition number="6" type="jump" coverage="100%" />
                  </conditions>
                </line>
                <line number="81" hits="2" branch="False" />
                <line number="83" hits="5255" branch="True" condition-coverage="100% (2/2)">
                  <conditions>
                    <condition number="40" type="jump" coverage="100%" />
                  </conditions>
                </line>
                <line number="85" hits="2600" branch="True" condition-coverage="100% (2/2)">
                  <conditions>
                    <condition number="25" type="jump" coverage="100%" />
                  </conditions>
                </line>
                <line number="87" hits="3" branch="False" />
                <line number="90" hits="26" branch="False" />
              </lines>
            </method>
          </methods>
          <lines>
            <line number="23" hits="10" branch="True" condition-coverage="100% (2/2)">
              <conditions>
                <condition number="6" type="jump" coverage="100%" />
              </conditions>
            </line>
            <line number="25" hits="2" branch="False" />
            <line number="27" hits="8" branch="False" />
            <line number="28" hits="9" branch="True" condition-coverage="100% (2/2)">
              <conditions>
                <condition number="73" type="jump" coverage="100%" />
              </conditions>
            </line>
            <line number="30" hits="1" branch="False" />
            <line number="32" hits="8" branch="False" />
            <line number="42" hits="41" branch="True" condition-coverage="100% (2/2)">
              <conditions>
                <condition number="6" type="jump" coverage="100%" />
              </conditions>
            </line>
            <line number="44" hits="2" branch="True" condition-coverage="100% (2/2)">
              <conditions>
                <condition number="10" type="jump" coverage="100%" />
              </conditions>
            </line>
            <line number="47" hits="39" branch="False" />
            <line number="48" hits="39" branch="False" />
            <line number="49" hits="14450" branch="True" condition-coverage="100% (2/2)">
              <conditions>
                <condition number="105" type="jump" coverage="100%" />
              </conditions>
            </line>
            <line number="51" hits="7186" branch="True" condition-coverage="100% (4/4)">
              <conditions>
                <condition number="58" type="jump" coverage="100%" />
                <condition number="69" type="jump" coverage="100%" />
              </conditions>
            </line>
            <line number="53" hits="205" branch="False" />
            <line number="57" hits="6981" branch="False" />
            <line number="60" hits="39" branch="False" />
            <line number="62" hits="39" branch="True" condition-coverage="100% (2/2)">
              <conditions>
                <condition number="121" type="jump" coverage="100%" />
              </conditions>
            </line>
            <line number="64" hits="9" branch="False" />
            <line number="65" hits="9" branch="False" />
            <line number="66" hits="9" branch="False" />
            <line number="67" hits="9" branch="False" />
            <line number="68" hits="9" branch="False" />
            <line number="70" hits="39" branch="False" />
            <line number="79" hits="31" branch="True" condition-coverage="100% (2/2)">
              <conditions>
                <condition number="6" type="jump" coverage="100%" />
              </conditions>
            </line>
            <line number="81" hits="2" branch="False" />
            <line number="83" hits="5255" branch="True" condition-coverage="100% (2/2)">
              <conditions>
                <condition number="40" type="jump" coverage="100%" />
              </conditions>
            </line>
            <line number="85" hits="2600" branch="True" condition-coverage="100% (2/2)">
              <conditions>
                <condition number="25" type="jump" coverage="100%" />
              </conditions>
            </line>
            <line number="87" hits="3" branch="False" />
            <line number="90" hits="26" branch="False" />
          </lines>
        </class>
        <class name="FolderDiffIL4DotNet.Core.IO.FileComparer" filename="FolderDiffIL4DotNet.Core/IO/FileComparer.cs" line-rate="1" branch-rate="1" complexity="1">
          <methods>
            <method name="ComputeFileMd5Hex" signature="(System.String)" line-rate="1" branch-rate="1" complexity="1">
              <lines>
                <line number="73" hits="47" branch="False" />
                <line number="74" hits="47" branch="False" />
                <line number="76" hits="47" branch="False" />
                <line number="78" hits="47" branch="False" />
                <line number="80" hits="47" branch="False" />
              </lines>
            </method>
          </methods>
          <lines>
            <line number="73" hits="47" branch="False" />
            <line number="74" hits="47" branch="False" />
            <line number="76" hits="47" branch="False" />
            <line number="78" hits="47" branch="False" />
            <line number="80" hits="47" branch="False" />
          </lines>
        </class>
        <class name="FolderDiffIL4DotNet.Core.IO.FileComparer/&lt;DiffFilesByHashAsync&gt;d__1" filename="FolderDiffIL4DotNet.Core/IO/FileComparer.cs" line-rate="0.7646999999999999" branch-rate="1" complexity="2">
          <methods>
            <method name="MoveNext" signature="()" line-rate="0.7646999999999999" branch-rate="1" complexity="2">
              <lines>
                <line number="34" hits="21" branch="False" />
                <line number="35" hits="21" branch="False" />
                <line number="36" hits="21" branch="True" condition-coverage="100% (2/2)">
                  <conditions>
                    <condition number="50" type="jump" coverage="100%" />
                  </conditions>
                </line>
                <line number="38" hits="5" branch="False" />
                <line number="41" hits="15" branch="False" />
                <line number="43" hits="15" branch="False" />
                <line number="44" hits="15" branch="False" />
                <line number="45" hits="15" branch="False" />
                <line number="46" hits="15" branch="False" />
                <line number="47" hits="15" branch="False" />
                <line number="49" hits="1" branch="False" />
                <line number="51" hits="1" branch="False" />
                <line number="53" hits="0" branch="False" />
                <line number="55" hits="0" branch="False" />
                <line number="57" hits="0" branch="False" />
                <line number="59" hits="0" branch="False" />
                <line number="61" hits="20" branch="False" />
              </lines>
            </method>
          </methods>
          <lines>
            <line number="34" hits="21" branch="False" />
            <line number="35" hits="21" branch="False" />
            <line number="36" hits="21" branch="True" condition-coverage="100% (2/2)">
              <conditions>
                <condition number="50" type="jump" coverage="100%" />
              </conditions>
            </line>
            <line number="38" hits="5" branch="False" />
            <line number="41" hits="15" branch="False" />
            <line number="43" hits="15" branch="False" />
            <line number="44" hits="15" branch="False" />
            <line number="45" hits="15" branch="False" />
            <line number="46" hits="15" branch="False" />
            <line number="47" hits="15" branch="False" />
            <line number="49" hits="1" branch="False" />
            <line number="51" hits="1" branch="False" />
            <line number="53" hits="0" branch="False" />
            <line number="55" hits="0" branch="False" />
            <line number="57" hits="0" branch="False" />
            <line number="59" hits="0" branch="False" />
            <line number="61" hits="20" branch="False" />
          </lines>
        </class>
        <class name="FolderDiffIL4DotNet.Core.IO.FileComparer/&lt;DiffTextFilesAsync&gt;d__3" filename="FolderDiffIL4DotNet.Core/IO/FileComparer.cs" line-rate="1" branch-rate="1" complexity="6">
          <methods>
            <method name="MoveNext" signature="()" line-rate="1" branch-rate="1" complexity="6">
              <lines>
                <line number="95" hits="13" branch="False" />
                <line number="96" hits="12" branch="False" />
                <line number="97" hits="12" branch="False" />
                <line number="98" hits="12" branch="False" />
                <line number="105" hits="18" branch="False" />
                <line number="106" hits="18" branch="False" />
                <line number="108" hits="18" branch="True" condition-coverage="100% (2/2)">
                  <conditions>
                    <condition number="350" type="jump" coverage="100%" />
                  </conditions>
                </line>
                <line number="110" hits="10" branch="False" />
                <line number="112" hits="8" branch="True" condition-coverage="100% (4/4)">
                  <conditions>
                    <condition number="368" type="jump" coverage="100%" />
                    <condition number="365" type="jump" coverage="100%" />
                  </conditions>
                </line>
                <line number="114" hits="2" branch="False" />
                <line number="115" hits="12" branch="False" />
              </lines>
            </method>
          </methods>
          <lines>
            <line number="95" hits="13" branch="False" />
            <line number="96" hits="12" branch="False" />
            <line number="97" hits="12" branch="False" />
            <line number="98" hits="12" branch="False" />
            <line number="105" hits="18" branch="False" />
            <line number="106" hits="18" branch="False" />
            <line number="108" hits="18" branch="True" condition-coverage="100% (2/2)">
              <conditions>
                <condition number="350" type="jump" coverage="100%" />
              </conditions>
            </line>
            <line number="110" hits="10" branch="False" />
            <line number="112" hits="8" branch="True" condition-coverage="100% (4/4)">
              <conditions>
                <condition number="368" type="jump" coverage="100%" />
                <condition number="365" type="jump" coverage="100%" />
              </conditions>
            </line>
            <line number="114" hits="2" branch="False" />
            <line number="115" hits="12" branch="False" />
          </lines>
        </class>
        <class name="FolderDiffIL4DotNet.Core.IO.FileSystemUtility" filename="FolderDiffIL4DotNet.Core/IO/FileSystemUtility.cs" line-rate="0.7192000000000001" branch-rate="0.7179000000000001" complexity="84">
          <methods>
            <method name="TryGetFileSystemInfoOnMac" signature="(System.String,System.String&amp;,System.UInt32&amp;)" line-rate="0.7857" branch-rate="0.75" complexity="4">
              <lines>
                <line number="104" hits="12" branch="False" />
                <line number="105" hits="12" branch="False" />
                <line number="108" hits="12" branch="True" condition-coverage="50% (1/2)">
                  <conditions>
                    <condition number="12" type="jump" coverage="50%" />
                  </conditions>
                </line>
                <line number="110" hits="0" branch="False" />
                <line number="112" hits="12" branch="False" />
                <line number="113" hits="12" branch="True" condition-coverage="100% (2/2)">
                  <conditions>
                    <condition number="26" type="jump" coverage="100%" />
                  </conditions>
                </line>
                <line number="115" hits="11" branch="False" />
                <line number="116" hits="11" branch="False" />
                <line number="117" hits="11" branch="False" />
                <line number="119" hits="1" branch="False" />
                <line number="120" hits="0" branch="False" />
                <line number="123" hits="0" branch="False" />
                <line number="124" hits="1" branch="False" />
                <line number="125" hits="11" branch="False" />
              </lines>
            </method>
            <method name="IsRecoverableNetworkPathDetectionException" signature="(System.Exception)" line-rate="1" branch-rate="0.5832999999999999" complexity="12">
              <lines>
                <line number="131" hits="1" branch="True" condition-coverage="58.33% (7/12)">
                  <conditions>
                    <condition number="6" type="jump" coverage="100%" />
                    <condition number="14" type="jump" coverage="50%" />
                    <condition number="22" type="jump" coverage="50%" />
                    <condition number="30" type="jump" coverage="50%" />
                    <condition number="38" type="jump" coverage="50%" />
                    <condition number="46" type="jump" coverage="50%" />
                  </conditions>
                </line>
                <line number="132" hits="1" branch="False" />
                <line number="133" hits="1" branch="False" />
                <line number="134" hits="1" branch="False" />
                <line number="135" hits="1" branch="False" />
                <line number="136" hits="1" branch="False" />
              </lines>
            </method>
            <method name="GetBestMatchingMountFileSystemType" signature="(System.String,System.Collections.Generic.IEnumerable`1&lt;System.String&gt;)" line-rate="1" branch-rate="1" complexity="22">
              <lines>
                <line number="143" hits="6" branch="True" condition-coverage="100% (4/4)">
                  <conditions>
                    <condition number="6" type="jump" coverage="100%" />
                    <condition number="9" type="jump" coverage="100%" />
                  </conditions>
                </line>
                <line number="145" hits="2" branch="False" />
                <line number="148" hits="4" branch="False" />
                <line number="149" hits="4" branch="False" />
                <line number="151" hits="26" branch="True" condition-coverage="100% (2/2)">
                  <conditions>
                    <condition number="192" type="jump" coverage="100%" />
                  </conditions>
                </line>
                <line number="153" hits="9" branch="True" condition-coverage="100% (4/4)">
                  <conditions>
                    <condition number="42" type="jump" coverage="100%" />
                    <condition number="58" type="jump" coverage="100%" />
                  </conditions>
                </line>
                <line number="158" hits="8" branch="False" />
                <line number="159" hits="8" branch="True" condition-coverage="100% (2/2)">
                  <conditions>
                    <condition number="76" type="jump" coverage="100%" />
                  </conditions>
                </line>
                <line number="164" hits="7" branch="False" />
                <line number="165" hits="7" branch="False" />
                <line number="166" hits="7" branch="False" />
                <line number="168" hits="7" branch="True" condition-coverage="100% (4/4)">
                  <conditions>
                    <condition number="122" type="jump" coverage="100%" />
                    <condition number="146" type="jump" coverage="100%" />
                  </conditions>
                </line>
                <line number="169" hits="7" branch="False" />
                <line number="170" hits="7" branch="True" condition-coverage="100% (2/2)">
                  <conditions>
                    <condition number="160" type="jump" coverage="100%" />
                  </conditions>
                </line>
                <line number="175" hits="6" branch="True" condition-coverage="100% (4/4)">
                  <conditions>
                    <condition number="163" type="jump" coverage="100%" />
                    <condition number="178" type="jump" coverage="100%" />
                  </conditions>
                </line>
                <line number="177" hits="5" branch="False" />
                <line number="178" hits="5" branch="False" />
                <line number="182" hits="4" branch="False" />
              </lines>
            </method>
            <method name="GetTimestamp" signature="(System.String)" line-rate="1" branch-rate="1" complexity="1">
              <lines>
                <line number="190" hits="19" branch="False" />
                <line number="191" hits="19" branch="False" />
              </lines>
            </method>
            <method name="TrySetReadOnly" signature="(System.String)" line-rate="1" branch-rate="1" complexity="6">
              <lines>
                <line number="200" hits="37" branch="True" condition-coverage="100% (2/2)">
                  <conditions>
                    <condition number="6" type="jump" coverage="100%" />
                  </conditions>
                </line>
                <line number="202" hits="2" branch="False" />
                <line number="204" hits="35" branch="True" condition-coverage="100% (2/2)">
                  <conditions>
                    <condition number="30" type="jump" coverage="100%" />
                  </conditions>
                </line>
                <line number="206" hits="1" branch="False" />
                <line number="208" hits="34" branch="False" />
                <line number="209" hits="34" branch="True" condition-coverage="100% (2/2)">
                  <conditions>
                    <condition number="54" type="jump" coverage="100%" />
                  </conditions>
                </line>
                <line number="211" hits="33" branch="False" />
                <line number="213" hits="34" branch="False" />
              </lines>
            </method>
            <method name="DeleteFileSilent" signature="(System.String)" line-rate="0.6363" branch-rate="1" complexity="2">
              <lines>
                <line number="220" hits="30" branch="True" condition-coverage="100% (2/2)">
                  <conditions>
                    <condition number="6" type="jump" coverage="100%" />
                  </conditions>
                </line>
                <line number="222" hits="26" branch="False" />
                <line number="227" hits="4" branch="False" />
                <line number="228" hits="3" branch="False" />
                <line number="229" hits="0" branch="False" />
                <line number="232" hits="0" branch="False" />
                <line number="233" hits="1" branch="False" />
                <line number="236" hits="1" branch="False" />
                <line number="237" hits="0" branch="False" />
                <line number="240" hits="0" branch="False" />
                <line number="241" hits="4" branch="False" />
              </lines>
            </method>
            <method name="IsLikelyNetworkPath" signature="(System.String)" line-rate="0.7142000000000001" branch-rate="0.6666" complexity="6">
              <lines>
                <line number="248" hits="15" branch="True" condition-coverage="100% (2/2)">
                  <conditions>
                    <condition number="6" type="jump" coverage="100%" />
                  </conditions>
                </line>
                <line number="250" hits="3" branch="False" />
                <line number="253" hits="12" branch="True" condition-coverage="50% (1/2)">
                  <conditions>
                    <condition number="20" type="jump" coverage="50%" />
                  </conditions>
                </line>
                <line number="255" hits="0" branch="False" />
                <line number="258" hits="12" branch="True" condition-coverage="50% (1/2)">
                  <conditions>
                    <condition number="39" type="jump" coverage="50%" />
                  </conditions>
                </line>
                <line number="260" hits="12" branch="False" />
                <line number="263" hits="0" branch="False" />
              </lines>
            </method>
            <method name="IsLikelyWindowsNetworkPath" signature="(System.String)" line-rate="0.6666" branch-rate="0.625" complexity="8">
              <lines>
                <line number="268" hits="4" branch="True" condition-coverage="83.33% (5/6)">
                  <conditions>
                    <condition number="12" type="jump" coverage="100%" />
                    <condition number="26" type="jump" coverage="100%" />
                    <condition number="40" type="jump" coverage="50%" />
                  </conditions>
                </line>
                <line number="269" hits="4" branch="False" />
                <line number="270" hits="4" branch="False" />
                <line number="272" hits="4" branch="False" />
                <line number="275" hits="0" branch="False" />
                <line number="276" hits="0" branch="True" condition-coverage="0% (0/2)">
                  <conditions>
                    <condition number="57" type="jump" coverage="0%" />
                  </conditions>
                </line>
              </lines>
            </method>
            <method name="TryGetPathRoot" signature="(System.String)" line-rate="0" branch-rate="1" complexity="1">
              <lines>
                <line number="283" hits="0" branch="False" />
                <line number="285" hits="0" branch="False" />
                <line number="287" hits="0" branch="False" />
                <line number="289" hits="0" branch="False" />
              </lines>
            </method>
            <method name="IsNetworkDrive" signature="(System.String)" line-rate="0" branch-rate="1" complexity="1">
              <lines>
                <line number="295" hits="0" branch="False" />
                <line number="297" hits="0" branch="False" />
                <line number="299" hits="0" branch="False" />
                <line number="301" hits="0" branch="False" />
              </lines>
            </method>
            <method name="IsLikelyMacNetworkPath" signature="(System.String)" line-rate="1" branch-rate="0.6666" complexity="6">
              <lines>
                <line number="305" hits="12" branch="True" condition-coverage="100% (2/2)">
                  <conditions>
                    <condition number="10" type="jump" coverage="100%" />
                  </conditions>
                </line>
                <line number="307" hits="1" branch="False" />
                <line number="310" hits="11" branch="True" condition-coverage="50% (2/4)">
                  <conditions>
                    <condition number="21" type="jump" coverage="50%" />
                    <condition number="29" type="jump" coverage="50%" />
                  </conditions>
                </line>
                <line number="311" hits="11" branch="False" />
              </lines>
            </method>
            <method name="IsLikelyUnixNetworkPath" signature="(System.String)" line-rate="0.2727" branch-rate="0.125" complexity="8">
              <lines>
                <line number="316" hits="1" branch="False" />
                <line number="317" hits="1" branch="True" condition-coverage="50% (1/2)">
                  <conditions>
                    <condition number="7" type="jump" coverage="50%" />
                  </conditions>
                </line>
                <line number="319" hits="1" branch="False" />
                <line number="322" hits="0" branch="False" />
                <line number="323" hits="0" branch="True" condition-coverage="0% (0/2)">
                  <conditions>
                    <condition number="19" type="jump" coverage="0%" />
                  </conditions>
                </line>
                <line number="325" hits="0" branch="False" />
                <line number="328" hits="0" branch="False" />
                <line number="329" hits="0" branch="True" condition-coverage="0% (0/2)">
                  <conditions>
                    <condition number="31" type="jump" coverage="0%" />
                  </conditions>
                </line>
                <line number="331" hits="0" branch="False" />
                <line number="334" hits="0" branch="False" />
                <line number="335" hits="0" branch="True" condition-coverage="0% (0/2)">
                  <conditions>
                    <condition number="49" type="jump" coverage="0%" />
                  </conditions>
                </line>
              </lines>
            </method>
            <method name="GetUnixMountsFilePath" signature="()" line-rate="0.6666" branch-rate="0.5" complexity="4">
              <lines>
                <line number="340" hits="1" branch="True" condition-coverage="50% (1/2)">
                  <conditions>
                    <condition number="10" type="jump" coverage="50%" />
                  </conditions>
                </line>
                <line number="342" hits="0" branch="False" />
                <line number="345" hits="1" branch="True" condition-coverage="50% (1/2)">
                  <conditions>
                    <condition number="28" type="jump" coverage="50%" />
                  </conditions>
                </line>
              </lines>
            </method>
            <method name="TryGetFullPath" signature="(System.String)" line-rate="0" branch-rate="1" complexity="1">
              <lines>
                <line number="352" hits="0" branch="False" />
                <line number="354" hits="0" branch="False" />
                <line number="356" hits="0" branch="False" />
                <line number="358" hits="0" branch="False" />
              </lines>
            </method>
            <method name="TryReadMountLines" signature="(System.String)" line-rate="1" branch-rate="1" complexity="1">
              <lines>
                <line number="364" hits="1" branch="False" />
                <line number="366" hits="1" branch="False" />
                <line number="368" hits="1" branch="False" />
                <line number="370" hits="1" branch="False" />
              </lines>
            </method>
            <method name=".cctor" signature="()" line-rate="1" branch-rate="1" complexity="1">
              <lines>
                <line number="19" hits="1" branch="False" />
                <line number="20" hits="1" branch="False" />
                <line number="21" hits="1" branch="False" />
                <line number="22" hits="1" branch="False" />
                <line number="27" hits="1" branch="False" />
                <line number="28" hits="1" branch="False" />
                <line number="29" hits="1" branch="False" />
                <line number="30" hits="1" branch="False" />
              </lines>
            </method>
          </methods>
          <lines>
            <line number="104" hits="12" branch="False" />
            <line number="105" hits="12" branch="False" />
            <line number="108" hits="12" branch="True" condition-coverage="50% (1/2)">
              <conditions>
                <condition number="12" type="jump" coverage="50%" />
              </conditions>
            </line>
            <line number="110" hits="0" branch="False" />
            <line number="112" hits="12" branch="False" />
            <line number="113" hits="12" branch="True" condition-coverage="100% (2/2)">
              <conditions>
                <condition number="26" type="jump" coverage="100%" />
              </conditions>
            </line>
            <line number="115" hits="11" branch="False" />
            <line number="116" hits="11" branch="False" />
            <line number="117" hits="11" branch="False" />
            <line number="119" hits="1" branch="False" />
            <line number="120" hits="0" branch="False" />
            <line number="123" hits="0" branch="False" />
            <line number="124" hits="1" branch="False" />
            <line number="125" hits="11" branch="False" />
            <line number="131" hits="1" branch="True" condition-coverage="58.33% (7/12)">
              <conditions>
                <condition number="6" type="jump" coverage="100%" />
                <condition number="14" type="jump" coverage="50%" />
                <condition number="22" type="jump" coverage="50%" />
                <condition number="30" type="jump" coverage="50%" />
                <condition number="38" type="jump" coverage="50%" />
                <condition number="46" type="jump" coverage="50%" />
              </conditions>
            </line>
            <line number="132" hits="1" branch="False" />
            <line number="133" hits="1" branch="False" />
            <line number="134" hits="1" branch="False" />
            <line number="135" hits="1" branch="False" />
            <line number="136" hits="1" branch="False" />
            <line number="143" hits="6" branch="True" condition-coverage="100% (4/4)">
              <conditions>
                <condition number="6" type="jump" coverage="100%" />
                <condition number="9" type="jump" coverage="100%" />
              </conditions>
            </line>
            <line number="145" hits="2" branch="False" />
            <line number="148" hits="4" branch="False" />
            <line number="149" hits="4" branch="False" />
            <line number="151" hits="26" branch="True" condition-coverage="100% (2/2)">
              <conditions>
                <condition number="192" type="jump" coverage="100%" />
              </conditions>
            </line>
            <line number="153" hits="9" branch="True" condition-coverage="100% (4/4)">
              <conditions>
                <condition number="42" type="jump" coverage="100%" />
                <condition number="58" type="jump" coverage="100%" />
              </conditions>
            </line>
            <line number="158" hits="8" branch="False" />
            <line number="159" hits="8" branch="True" condition-coverage="100% (2/2)">
              <conditions>
                <condition number="76" type="jump" coverage="100%" />
              </conditions>
            </line>
            <line number="164" hits="7" branch="False" />
            <line number="165" hits="7" branch="False" />
            <line number="166" hits="7" branch="False" />
            <line number="168" hits="7" branch="True" condition-coverage="100% (4/4)">
              <conditions>
                <condition number="122" type="jump" coverage="100%" />
                <condition number="146" type="jump" coverage="100%" />
              </conditions>
            </line>
            <line number="169" hits="7" branch="False" />
            <line number="170" hits="7" branch="True" condition-coverage="100% (2/2)">
              <conditions>
                <condition number="160" type="jump" coverage="100%" />
              </conditions>
            </line>
            <line number="175" hits="6" branch="True" condition-coverage="100% (4/4)">
              <conditions>
                <condition number="163" type="jump" coverage="100%" />
                <condition number="178" type="jump" coverage="100%" />
              </conditions>
            </line>
            <line number="177" hits="5" branch="False" />
            <line number="178" hits="5" branch="False" />
            <line number="182" hits="4" branch="False" />
            <line number="190" hits="19" branch="False" />
            <line number="191" hits="19" branch="False" />
            <line number="200" hits="37" branch="True" condition-coverage="100% (2/2)">
              <conditions>
                <condition number="6" type="jump" coverage="100%" />
              </conditions>
            </line>
            <line number="202" hits="2" branch="False" />
            <line number="204" hits="35" branch="True" condition-coverage="100% (2/2)">
              <conditions>
                <condition number="30" type="jump" coverage="100%" />
              </conditions>
            </line>
            <line number="206" hits="1" branch="False" />
            <line number="208" hits="34" branch="False" />
            <line number="209" hits="34" branch="True" condition-coverage="100% (2/2)">
              <conditions>
                <condition number="54" type="jump" coverage="100%" />
              </conditions>
            </line>
            <line number="211" hits="33" branch="False" />
            <line number="213" hits="34" branch="False" />
            <line number="220" hits="30" branch="True" condition-coverage="100% (2/2)">
              <conditions>
                <condition number="6" type="jump" coverage="100%" />
              </conditions>
            </line>
            <line number="222" hits="26" branch="False" />
            <line number="227" hits="4" branch="False" />
            <line number="228" hits="3" branch="False" />
            <line number="229" hits="0" branch="False" />
            <line number="232" hits="0" branch="False" />
            <line number="233" hits="1" branch="False" />
            <line number="236" hits="1" branch="False" />
            <line number="237" hits="0" branch="False" />
            <line number="240" hits="0" branch="False" />
            <line number="241" hits="4" branch="False" />
            <line number="248" hits="15" branch="True" condition-coverage="100% (2/2)">
              <conditions>
                <condition number="6" type="jump" coverage="100%" />
              </conditions>
            </line>
            <line number="250" hits="3" branch="False" />
            <line number="253" hits="12" branch="True" condition-coverage="50% (1/2)">
              <conditions>
                <condition number="20" type="jump" coverage="50%" />
              </conditions>
            </line>
            <line number="255" hits="0" branch="False" />
            <line number="258" hits="12" branch="True" condition-coverage="50% (1/2)">
              <conditions>
                <condition number="39" type="jump" coverage="50%" />
              </conditions>
            </line>
            <line number="260" hits="12" branch="False" />
            <line number="263" hits="0" branch="False" />
            <line number="268" hits="4" branch="True" condition-coverage="83.33% (5/6)">
              <conditions>
                <condition number="12" type="jump" coverage="100%" />
                <condition number="26" type="jump" coverage="100%" />
                <condition number="40" type="jump" coverage="50%" />
              </conditions>
            </line>
            <line number="269" hits="4" branch="False" />
            <line number="270" hits="4" branch="False" />
            <line number="272" hits="4" branch="False" />
            <line number="275" hits="0" branch="False" />
            <line number="276" hits="0" branch="True" condition-coverage="0% (0/2)">
              <conditions>
                <condition number="57" type="jump" coverage="0%" />
              </conditions>
            </line>
            <line number="283" hits="0" branch="False" />
            <line number="285" hits="0" branch="False" />
            <line number="287" hits="0" branch="False" />
            <line number="289" hits="0" branch="False" />
            <line number="295" hits="0" branch="False" />
            <line number="297" hits="0" branch="False" />
            <line number="299" hits="0" branch="False" />
            <line number="301" hits="0" branch="False" />
            <line number="305" hits="12" branch="True" condition-coverage="100% (2/2)">
              <conditions>
                <condition number="10" type="jump" coverage="100%" />
              </conditions>
            </line>
            <line number="307" hits="1" branch="False" />
            <line number="310" hits="11" branch="True" condition-coverage="50% (2/4)">
              <conditions>
                <condition number="21" type="jump" coverage="50%" />
                <condition number="29" type="jump" coverage="50%" />
              </conditions>
            </line>
            <line number="311" hits="11" branch="False" />
            <line number="316" hits="1" branch="False" />
            <line number="317" hits="1" branch="True" condition-coverage="50% (1/2)">
              <conditions>
                <condition number="7" type="jump" coverage="50%" />
              </conditions>
            </line>
            <line number="319" hits="1" branch="False" />
            <line number="322" hits="0" branch="False" />
            <line number="323" hits="0" branch="True" condition-coverage="0% (0/2)">
              <conditions>
                <condition number="19" type="jump" coverage="0%" />
              </conditions>
            </line>
            <line number="325" hits="0" branch="False" />
            <line number="328" hits="0" branch="False" />
            <line number="329" hits="0" branch="True" condition-coverage="0% (0/2)">
              <conditions>
                <condition number="31" type="jump" coverage="0%" />
              </conditions>
            </line>
            <line number="331" hits="0" branch="False" />
            <line number="334" hits="0" branch="False" />
            <line number="335" hits="0" branch="True" condition-coverage="0% (0/2)">
              <conditions>
                <condition number="49" type="jump" coverage="0%" />
              </conditions>
            </line>
            <line number="340" hits="1" branch="True" condition-coverage="50% (1/2)">
              <conditions>
                <condition number="10" type="jump" coverage="50%" />
              </conditions>
            </line>
            <line number="342" hits="0" branch="False" />
            <line number="345" hits="1" branch="True" condition-coverage="50% (1/2)">
              <conditions>
                <condition number="28" type="jump" coverage="50%" />
              </conditions>
            </line>
            <line number="352" hits="0" branch="False" />
            <line number="354" hits="0" branch="False" />
            <line number="356" hits="0" branch="False" />
            <line number="358" hits="0" branch="False" />
            <line number="364" hits="1" branch="False" />
            <line number="366" hits="1" branch="False" />
            <line number="368" hits="1" branch="False" />
            <line number="370" hits="1" branch="False" />
            <line number="19" hits="1" branch="False" />
            <line number="20" hits="1" branch="False" />
            <line number="21" hits="1" branch="False" />
            <line number="22" hits="1" branch="False" />
            <line number="27" hits="1" branch="False" />
            <line number="28" hits="1" branch="False" />
            <line number="29" hits="1" branch="False" />
            <line number="30" hits="1" branch="False" />
          </lines>
        </class>
        <class name="FolderDiffIL4DotNet.Core.IO.PathValidator" filename="FolderDiffIL4DotNet.Core/IO/PathValidator.cs" line-rate="0.909" branch-rate="0.9047" complexity="43">
          <methods>
            <method name="ValidateFolderNameOrThrow" signature="(System.String,System.String)" line-rate="1" branch-rate="1" complexity="28">
              <lines>
                <line number="75" hits="51" branch="True" condition-coverage="100% (2/2)">
                  <conditions>
                    <condition number="6" type="jump" coverage="100%" />
                  </conditions>
                </line>
                <line number="77" hits="3" branch="True" condition-coverage="100% (2/2)">
                  <conditions>
                    <condition number="15" type="jump" coverage="100%" />
                  </conditions>
                </line>
                <line number="81" hits="48" branch="True" condition-coverage="100% (4/4)">
                  <conditions>
                    <condition number="40" type="jump" coverage="100%" />
                    <condition number="53" type="jump" coverage="100%" />
                  </conditions>
                </line>
                <line number="83" hits="2" branch="True" condition-coverage="100% (2/2)">
                  <conditions>
                    <condition number="62" type="jump" coverage="100%" />
                  </conditions>
                </line>
                <line number="87" hits="9597" branch="True" condition-coverage="100% (2/2)">
                  <conditions>
                    <condition number="184" type="jump" coverage="100%" />
                  </conditions>
                </line>
                <line number="89" hits="4762" branch="True" condition-coverage="100% (4/4)">
                  <conditions>
                    <condition number="93" type="jump" coverage="100%" />
                    <condition number="106" type="jump" coverage="100%" />
                  </conditions>
                </line>
                <line number="91" hits="19" branch="True" condition-coverage="100% (2/2)">
                  <conditions>
                    <condition number="159" type="jump" coverage="100%" />
                  </conditions>
                </line>
                <line number="96" hits="27" branch="True" condition-coverage="100% (4/4)">
                  <conditions>
                    <condition number="197" type="jump" coverage="100%" />
                    <condition number="210" type="jump" coverage="100%" />
                  </conditions>
                </line>
                <line number="98" hits="2" branch="True" condition-coverage="100% (2/2)">
                  <conditions>
                    <condition number="219" type="jump" coverage="100%" />
                  </conditions>
                </line>
                <line number="102" hits="25" branch="False" />
                <line number="103" hits="25" branch="False" />
                <line number="104" hits="25" branch="False" />
                <line number="105" hits="25" branch="True" condition-coverage="100% (2/2)">
                  <conditions>
                    <condition number="282" type="jump" coverage="100%" />
                  </conditions>
                </line>
                <line number="107" hits="7" branch="True" condition-coverage="100% (2/2)">
                  <conditions>
                    <condition number="302" type="jump" coverage="100%" />
                  </conditions>
                </line>
                <line number="109" hits="18" branch="False" />
              </lines>
            </method>
[...]
              <lines>
                <line number="78" hits="598" branch="False" />
              </lines>
            </method>
            <method name="get_RemovedFilesAbsolutePath" signature="()" line-rate="1" branch-rate="1" complexity="1">
              <lines>
                <line number="83" hits="599" branch="False" />
              </lines>
            </method>
            <method name="get_ModifiedFilesRelativePath" signature="()" line-rate="1" branch-rate="1" complexity="1">
              <lines>
                <line number="88" hits="689" branch="False" />
              </lines>
            </method>
            <method name="get_FileRelativePathToDiffDetailDictionary" signature="()" line-rate="1" branch-rate="1" complexity="1">
              <lines>
                <line number="93" hits="11060" branch="False" />
              </lines>
            </method>
            <method name="get_FileRelativePathToIlDisassemblerLabelDictionary" signature="()" line-rate="1" branch-rate="1" complexity="1">
              <lines>
                <line number="98" hits="10948" branch="False" />
              </lines>
            </method>
            <method name="get_HasAnyMd5Mismatch" signature="()" line-rate="1" branch-rate="1" complexity="1">
              <lines>
                <line number="103" hits="10621" branch="False" />
              </lines>
            </method>
            <method name="get_IgnoredFilesRelativePathToLocation" signature="()" line-rate="1" branch-rate="1" complexity="1">
              <lines>
                <line number="108" hits="484" branch="False" />
              </lines>
            </method>
            <method name="get_DisassemblerToolVersions" signature="()" line-rate="1" branch-rate="1" complexity="1">
              <lines>
                <line number="113" hits="442" branch="False" />
              </lines>
            </method>
            <method name="get_DisassemblerToolVersionsFromCache" signature="()" line-rate="1" branch-rate="1" complexity="1">
              <lines>
                <line number="118" hits="424" branch="False" />
              </lines>
            </method>
            <method name="get_NewFileTimestampOlderThanOldWarnings" signature="()" line-rate="1" branch-rate="1" complexity="1">
              <lines>
                <line number="123" hits="443" branch="False" />
              </lines>
            </method>
            <method name="get_HasAnyNewFileTimestampOlderThanOldWarning" signature="()" line-rate="1" branch-rate="1" complexity="1">
              <lines>
                <line number="128" hits="76" branch="False" />
              </lines>
            </method>
            <method name="get_SummaryStatistics" signature="()" line-rate="1" branch-rate="1" complexity="1">
              <lines>
                <line number="134" hits="71" branch="False" />
                <line number="135" hits="71" branch="False" />
                <line number="136" hits="71" branch="False" />
                <line number="137" hits="71" branch="False" />
                <line number="138" hits="71" branch="False" />
                <line number="139" hits="71" branch="False" />
              </lines>
            </method>
            <method name="SetOldFilesAbsolutePath" signature="(System.Collections.Generic.IEnumerable`1&lt;System.String&gt;)" line-rate="1" branch-rate="1" complexity="1">
              <lines>
                <line number="147" hits="36" branch="False" />
                <line number="148" hits="36" branch="False" />
              </lines>
            </method>
            <method name="SetNewFilesAbsolutePath" signature="(System.Collections.Generic.IEnumerable`1&lt;System.String&gt;)" line-rate="1" branch-rate="1" complexity="1">
              <lines>
                <line number="156" hits="34" branch="False" />
                <line number="157" hits="34" branch="False" />
              </lines>
            </method>
            <method name="AddUnchangedFileRelativePath" signature="(System.String)" line-rate="1" branch-rate="1" complexity="1">
              <lines>
                <line number="165" hits="11645" branch="False" />
                <line number="166" hits="11645" branch="False" />
              </lines>
            </method>
            <method name="AddAddedFileAbsolutePath" signature="(System.String)" line-rate="1" branch-rate="1" complexity="1">
              <lines>
                <line number="174" hits="71" branch="False" />
                <line number="175" hits="71" branch="False" />
              </lines>
            </method>
            <method name="AddRemovedFileAbsolutePath" signature="(System.String)" line-rate="1" branch-rate="1" complexity="1">
              <lines>
                <line number="183" hits="71" branch="False" />
                <line number="184" hits="71" branch="False" />
              </lines>
            </method>
            <method name="AddModifiedFileRelativePath" signature="(System.String)" line-rate="1" branch-rate="1" complexity="1">
              <lines>
                <line number="192" hits="160" branch="False" />
                <line number="193" hits="160" branch="False" />
              </lines>
            </method>
            <method name="ResetAll" signature="()" line-rate="1" branch-rate="1" complexity="1">
              <lines>
                <line number="200" hits="206" branch="False" />
                <line number="201" hits="206" branch="False" />
                <line number="202" hits="206" branch="False" />
                <line number="203" hits="206" branch="False" />
                <line number="204" hits="206" branch="False" />
                <line number="205" hits="206" branch="False" />
                <line number="206" hits="206" branch="False" />
                <line number="207" hits="206" branch="False" />
                <line number="208" hits="206" branch="False" />
                <line number="209" hits="206" branch="False" />
                <line number="210" hits="206" branch="False" />
                <line number="211" hits="206" branch="False" />
                <line number="212" hits="206" branch="False" />
              </lines>
            </method>
            <method name="RecordDiffDetail" signature="(System.String,FolderDiffIL4DotNet.Models.FileDiffResultLists/DiffDetailResult,System.String)" line-rate="1" branch-rate="1" complexity="6">
              <lines>
                <line number="225" hits="10569" branch="False" />
                <line number="226" hits="10569" branch="True" condition-coverage="100% (4/4)">
                  <conditions>
                    <condition number="15" type="jump" coverage="100%" />
                    <condition number="19" type="jump" coverage="100%" />
                  </conditions>
                </line>
                <line number="228" hits="11" branch="True" condition-coverage="100% (2/2)">
                  <conditions>
                    <condition number="27" type="jump" coverage="100%" />
                  </conditions>
                </line>
                <line number="230" hits="8" branch="False" />
                <line number="234" hits="3" branch="False" />
                <line number="239" hits="10558" branch="False" />
                <line number="241" hits="10558" branch="False" />
              </lines>
            </method>
            <method name="RecordIgnoredFile" signature="(System.String,FolderDiffIL4DotNet.Models.FileDiffResultLists/IgnoredFileLocation)" line-rate="1" branch-rate="1" complexity="2">
              <lines>
                <line number="251" hits="28" branch="True" condition-coverage="100% (2/2)">
                  <conditions>
                    <condition number="19" type="jump" coverage="100%" />
                  </conditions>
                </line>
                <line number="253" hits="3" branch="False" />
                <line number="255" hits="32" branch="False" />
                <line number="256" hits="25" branch="False" />
              </lines>
            </method>
            <method name="RecordDisassemblerToolVersion" signature="(System.String,System.String,System.Boolean)" line-rate="1" branch-rate="1" complexity="6">
              <lines>
                <line number="266" hits="18" branch="True" condition-coverage="100% (2/2)">
                  <conditions>
                    <condition number="6" type="jump" coverage="100%" />
                  </conditions>
                </line>
                <line number="268" hits="3" branch="False" />
                <line number="270" hits="15" branch="True" condition-coverage="100% (2/2)">
                  <conditions>
                    <condition number="15" type="jump" coverage="100%" />
                  </conditions>
                </line>
                <line number="271" hits="15" branch="True" condition-coverage="100% (2/2)">
                  <conditions>
                    <condition number="39" type="jump" coverage="100%" />
                  </conditions>
                </line>
                <line number="272" hits="15" branch="False" />
                <line number="273" hits="15" branch="False" />
              </lines>
            </method>
            <method name="RecordNewFileTimestampOlderThanOldWarning" signature="(System.String,System.String,System.String)" line-rate="1" branch-rate="1" complexity="2">
              <lines>
                <line number="283" hits="8" branch="True" condition-coverage="100% (2/2)">
                  <conditions>
                    <condition number="6" type="jump" coverage="100%" />
                  </conditions>
                </line>
                <line number="285" hits="3" branch="False" />
                <line number="288" hits="5" branch="False" />
                <line number="289" hits="5" branch="False" />
              </lines>
            </method>
            <method name="ReplaceQueueItems" signature="(System.Collections.Concurrent.ConcurrentQueue`1&lt;System.String&gt;,System.Collections.Generic.IEnumerable`1&lt;System.String&gt;,System.String)" line-rate="1" branch-rate="1" complexity="2">
              <lines>
                <line number="300" hits="70" branch="False" />
                <line number="302" hits="70" branch="False" />
                <line number="303" hits="43520" branch="True" condition-coverage="100% (2/2)">
                  <conditions>
                    <condition number="44" type="jump" coverage="100%" />
                  </conditions>
                </line>
                <line number="305" hits="21690" branch="False" />
                <line number="307" hits="70" branch="False" />
              </lines>
            </method>
            <method name="EnqueuePath" signature="(System.Collections.Concurrent.ConcurrentQueue`1&lt;System.String&gt;,System.String,System.String)" line-rate="1" branch-rate="1" complexity="1">
              <lines>
                <line number="318" hits="33637" branch="False" />
                <line number="319" hits="33637" branch="False" />
                <line number="320" hits="33637" branch="False" />
              </lines>
            </method>
          </methods>
          <lines>
            <line number="63" hits="589" branch="False" />
            <line number="68" hits="585" branch="False" />
            <line number="73" hits="12176" branch="False" />
            <line number="78" hits="598" branch="False" />
            <line number="83" hits="599" branch="False" />
            <line number="88" hits="689" branch="False" />
            <line number="93" hits="11060" branch="False" />
            <line number="98" hits="10948" branch="False" />
            <line number="103" hits="10621" branch="False" />
            <line number="108" hits="484" branch="False" />
            <line number="113" hits="442" branch="False" />
            <line number="118" hits="424" branch="False" />
            <line number="123" hits="443" branch="False" />
            <line number="128" hits="76" branch="False" />
            <line number="134" hits="71" branch="False" />
            <line number="135" hits="71" branch="False" />
            <line number="136" hits="71" branch="False" />
            <line number="137" hits="71" branch="False" />
            <line number="138" hits="71" branch="False" />
            <line number="139" hits="71" branch="False" />
            <line number="147" hits="36" branch="False" />
            <line number="148" hits="36" branch="False" />
            <line number="156" hits="34" branch="False" />
            <line number="157" hits="34" branch="False" />
            <line number="165" hits="11645" branch="False" />
            <line number="166" hits="11645" branch="False" />
            <line number="174" hits="71" branch="False" />
            <line number="175" hits="71" branch="False" />
            <line number="183" hits="71" branch="False" />
            <line number="184" hits="71" branch="False" />
            <line number="192" hits="160" branch="False" />
            <line number="193" hits="160" branch="False" />
            <line number="200" hits="206" branch="False" />
            <line number="201" hits="206" branch="False" />
            <line number="202" hits="206" branch="False" />
            <line number="203" hits="206" branch="False" />
            <line number="204" hits="206" branch="False" />
            <line number="205" hits="206" branch="False" />
            <line number="206" hits="206" branch="False" />
            <line number="207" hits="206" branch="False" />
            <line number="208" hits="206" branch="False" />
            <line number="209" hits="206" branch="False" />
            <line number="210" hits="206" branch="False" />
            <line number="211" hits="206" branch="False" />
            <line number="212" hits="206" branch="False" />
            <line number="225" hits="10569" branch="False" />
            <line number="226" hits="10569" branch="True" condition-coverage="100% (4/4)">
              <conditions>
                <condition number="15" type="jump" coverage="100%" />
                <condition number="19" type="jump" coverage="100%" />
              </conditions>
            </line>
            <line number="228" hits="11" branch="True" condition-coverage="100% (2/2)">
              <conditions>
                <condition number="27" type="jump" coverage="100%" />
              </conditions>
            </line>
            <line number="230" hits="8" branch="False" />
            <line number="234" hits="3" branch="False" />
            <line number="239" hits="10558" branch="False" />
            <line number="241" hits="10558" branch="False" />
            <line number="251" hits="28" branch="True" condition-coverage="100% (2/2)">
              <conditions>
                <condition number="19" type="jump" coverage="100%" />
              </conditions>
            </line>
            <line number="253" hits="3" branch="False" />
            <line number="255" hits="32" branch="False" />
            <line number="256" hits="25" branch="False" />
            <line number="266" hits="18" branch="True" condition-coverage="100% (2/2)">
              <conditions>
                <condition number="6" type="jump" coverage="100%" />
              </conditions>
            </line>
            <line number="268" hits="3" branch="False" />
            <line number="270" hits="15" branch="True" condition-coverage="100% (2/2)">
              <conditions>
                <condition number="15" type="jump" coverage="100%" />
              </conditions>
            </line>
            <line number="271" hits="15" branch="True" condition-coverage="100% (2/2)">
              <conditions>
                <condition number="39" type="jump" coverage="100%" />
              </conditions>
            </line>
            <line number="272" hits="15" branch="False" />
            <line number="273" hits="15" branch="False" />
            <line number="283" hits="8" branch="True" condition-coverage="100% (2/2)">
              <conditions>
                <condition number="6" type="jump" coverage="100%" />
              </conditions>
            </line>
            <line number="285" hits="3" branch="False" />
            <line number="288" hits="5" branch="False" />
            <line number="289" hits="5" branch="False" />
            <line number="300" hits="70" branch="False" />
            <line number="302" hits="70" branch="False" />
            <line number="303" hits="43520" branch="True" condition-coverage="100% (2/2)">
              <conditions>
                <condition number="44" type="jump" coverage="100%" />
              </conditions>
            </line>
            <line number="305" hits="21690" branch="False" />
            <line number="307" hits="70" branch="False" />
            <line number="318" hits="33637" branch="False" />
            <line number="319" hits="33637" branch="False" />
            <line number="320" hits="33637" branch="False" />
          </lines>
        </class>
        <class name="FolderDiffIL4DotNet.Models.FileDiffResultLists/DiffSummaryStatistics" filename="Models/FileDiffResultLists.cs" line-rate="1" branch-rate="1" complexity="6">
          <methods>
            <method name="get_AddedCount" signature="()" line-rate="1" branch-rate="1" complexity="1">
              <lines>
                <line number="55" hits="70" branch="False" />
              </lines>
            </method>
            <method name="get_RemovedCount" signature="()" line-rate="1" branch-rate="1" complexity="1">
              <lines>
                <line number="56" hits="70" branch="False" />
              </lines>
            </method>
            <method name="get_ModifiedCount" signature="()" line-rate="1" branch-rate="1" complexity="1">
              <lines>
                <line number="57" hits="70" branch="False" />
              </lines>
            </method>
            <method name="get_UnchangedCount" signature="()" line-rate="1" branch-rate="1" complexity="1">
              <lines>
                <line number="58" hits="70" branch="False" />
              </lines>
            </method>
            <method name="get_IgnoredCount" signature="()" line-rate="1" branch-rate="1" complexity="1">
              <lines>
                <line number="59" hits="92" branch="False" />
              </lines>
            </method>
            <method name=".ctor" signature="(System.Int32,System.Int32,System.Int32,System.Int32,System.Int32)" line-rate="1" branch-rate="1" complexity="1">
              <lines>
                <line number="54" hits="71" branch="False" />
              </lines>
            </method>
          </methods>
          <lines>
            <line number="55" hits="70" branch="False" />
            <line number="56" hits="70" branch="False" />
            <line number="57" hits="70" branch="False" />
            <line number="58" hits="70" branch="False" />
            <line number="59" hits="92" branch="False" />
            <line number="54" hits="71" branch="False" />
          </lines>
        </class>
        <class name="FolderDiffIL4DotNet.Models.FileTimestampRegressionWarning" filename="Models/FileTimestampRegressionWarning.cs" line-rate="1" branch-rate="1" complexity="1">
          <methods>
            <method name="get_FileRelativePath" signature="()" line-rate="1" branch-rate="1" complexity="1">
              <lines>
                <line number="9" hits="25" branch="False" />
              </lines>
            </method>
          </methods>
          <lines>
            <line number="9" hits="25" branch="False" />
          </lines>
        </class>
      </classes>
    </package>
  </packages>
</coverage>